d:\g\opengllearn\win64\win64\x64\debug\vc143.pdb
d:\g\opengllearn\win64\win64\x64\debug\vc143.idb
d:\g\opengllearn\win64\win64\x64\debug\glad.obj
d:\g\opengllearn\win64\win64\x64\debug\std.ixx.ifc
d:\g\opengllearn\win64\win64\x64\debug\std.ixx.ifc.d.json
d:\g\opengllearn\win64\win64\x64\debug\std.ixx.obj
d:\g\opengllearn\win64\win64\x64\debug\std.compat.ixx.ifc
d:\g\opengllearn\win64\win64\x64\debug\std.compat.ixx.ifc.d.json
d:\g\opengllearn\win64\win64\x64\debug\std.compat.ixx.obj
d:\g\opengllearn\win64\win64\x64\debug\_9_light.obj
d:\g\opengllearn\win64\win64\x64\debug\_8_camera.obj
d:\g\opengllearn\win64\win64\x64\debug\_7_3d.obj
d:\g\opengllearn\win64\win64\x64\debug\_6_matrix.obj
d:\g\opengllearn\win64\win64\x64\debug\_5_texture.obj
d:\g\opengllearn\win64\win64\x64\debug\_4_shader.obj
d:\g\opengllearn\win64\win64\x64\debug\_2_createtriangle.obj
d:\g\opengllearn\win64\win64\x64\debug\_1_createwindow.obj
d:\g\opengllearn\win64\win64\x64\debug\_3_createrectangle.obj
d:\g\opengllearn\win64\win64\x64\debug\stb_image.obj
d:\g\opengllearn\win64\win64\x64\debug\shader.obj
d:\g\opengllearn\win64\win64\x64\debug\glm_test.obj
d:\g\opengllearn\win64\win64\x64\debug\std.compat.ixx.module.json
d:\g\opengllearn\win64\win64\x64\debug\std.ixx.module.json
d:\g\opengllearn\win64\win64\x64\debug\win64.tlog\cl.command.1.tlog
d:\g\opengllearn\win64\win64\x64\debug\win64.tlog\cl.read.1.tlog
d:\g\opengllearn\win64\win64\x64\debug\win64.tlog\cl.write.1.tlog
d:\g\opengllearn\win64\win64\x64\debug\win64_md.tlog\cl.command.1.tlog
d:\g\opengllearn\win64\win64\x64\debug\win64_md.tlog\microsoft.build.cpptasks.cl.read.1.tlog
d:\g\opengllearn\win64\win64\x64\debug\win64_md.tlog\microsoft.build.cpptasks.cl.write.1.tlog
